INFO: [VRFC 10-2263] Analyzing Verilog file "C:/Users/vamsi/Desktop/MAJOR_PROJECT/Major_Project_Files/project_1/project_1.sim/sim_1/synth/timing/Interrupt_Controller_TestBench_time_synth.v" into library xil_defaultlib
INFO: [VRFC 10-311] analyzing module Interrupt_Controller
INFO: [VRFC 10-311] analyzing module Priority_Check
INFO: [VRFC 10-311] analyzing module Priority_Check__1
INFO: [VRFC 10-311] analyzing module Priority_Check__10
INFO: [VRFC 10-311] analyzing module Priority_Check__100
INFO: [VRFC 10-311] analyzing module Priority_Check__101
INFO: [VRFC 10-311] analyzing module Priority_Check__102
INFO: [VRFC 10-311] analyzing module Priority_Check__103
INFO: [VRFC 10-311] analyzing module Priority_Check__104
INFO: [VRFC 10-311] analyzing module Priority_Check__105
INFO: [VRFC 10-311] analyzing module Priority_Check__106
INFO: [VRFC 10-311] analyzing module Priority_Check__107
INFO: [VRFC 10-311] analyzing module Priority_Check__108
INFO: [VRFC 10-311] analyzing module Priority_Check__109
INFO: [VRFC 10-311] analyzing module Priority_Check__11
INFO: [VRFC 10-311] analyzing module Priority_Check__110
INFO: [VRFC 10-311] analyzing module Priority_Check__111
INFO: [VRFC 10-311] analyzing module Priority_Check__112
INFO: [VRFC 10-311] analyzing module Priority_Check__113
INFO: [VRFC 10-311] analyzing module Priority_Check__114
INFO: [VRFC 10-311] analyzing module Priority_Check__115
INFO: [VRFC 10-311] analyzing module Priority_Check__116
INFO: [VRFC 10-311] analyzing module Priority_Check__117
INFO: [VRFC 10-311] analyzing module Priority_Check__118
INFO: [VRFC 10-311] analyzing module Priority_Check__119
INFO: [VRFC 10-311] analyzing module Priority_Check__12
INFO: [VRFC 10-311] analyzing module Priority_Check__120
INFO: [VRFC 10-311] analyzing module Priority_Check__121
INFO: [VRFC 10-311] analyzing module Priority_Check__122
INFO: [VRFC 10-311] analyzing module Priority_Check__123
INFO: [VRFC 10-311] analyzing module Priority_Check__124
INFO: [VRFC 10-311] analyzing module Priority_Check__125
INFO: [VRFC 10-311] analyzing module Priority_Check__126
INFO: [VRFC 10-311] analyzing module Priority_Check__127
INFO: [VRFC 10-311] analyzing module Priority_Check__128
INFO: [VRFC 10-311] analyzing module Priority_Check__129
INFO: [VRFC 10-311] analyzing module Priority_Check__13
INFO: [VRFC 10-311] analyzing module Priority_Check__130
INFO: [VRFC 10-311] analyzing module Priority_Check__131
INFO: [VRFC 10-311] analyzing module Priority_Check__132
INFO: [VRFC 10-311] analyzing module Priority_Check__133
INFO: [VRFC 10-311] analyzing module Priority_Check__134
INFO: [VRFC 10-311] analyzing module Priority_Check__135
INFO: [VRFC 10-311] analyzing module Priority_Check__136
INFO: [VRFC 10-311] analyzing module Priority_Check__137
INFO: [VRFC 10-311] analyzing module Priority_Check__138
INFO: [VRFC 10-311] analyzing module Priority_Check__139
INFO: [VRFC 10-311] analyzing module Priority_Check__14
INFO: [VRFC 10-311] analyzing module Priority_Check__140
INFO: [VRFC 10-311] analyzing module Priority_Check__141
INFO: [VRFC 10-311] analyzing module Priority_Check__142
INFO: [VRFC 10-311] analyzing module Priority_Check__143
INFO: [VRFC 10-311] analyzing module Priority_Check__144
INFO: [VRFC 10-311] analyzing module Priority_Check__145
INFO: [VRFC 10-311] analyzing module Priority_Check__146
INFO: [VRFC 10-311] analyzing module Priority_Check__147
INFO: [VRFC 10-311] analyzing module Priority_Check__148
INFO: [VRFC 10-311] analyzing module Priority_Check__149
INFO: [VRFC 10-311] analyzing module Priority_Check__15
INFO: [VRFC 10-311] analyzing module Priority_Check__150
INFO: [VRFC 10-311] analyzing module Priority_Check__151
INFO: [VRFC 10-311] analyzing module Priority_Check__152
INFO: [VRFC 10-311] analyzing module Priority_Check__153
INFO: [VRFC 10-311] analyzing module Priority_Check__154
INFO: [VRFC 10-311] analyzing module Priority_Check__155
INFO: [VRFC 10-311] analyzing module Priority_Check__156
INFO: [VRFC 10-311] analyzing module Priority_Check__157
INFO: [VRFC 10-311] analyzing module Priority_Check__158
INFO: [VRFC 10-311] analyzing module Priority_Check__159
INFO: [VRFC 10-311] analyzing module Priority_Check__16
INFO: [VRFC 10-311] analyzing module Priority_Check__160
INFO: [VRFC 10-311] analyzing module Priority_Check__161
INFO: [VRFC 10-311] analyzing module Priority_Check__162
INFO: [VRFC 10-311] analyzing module Priority_Check__163
INFO: [VRFC 10-311] analyzing module Priority_Check__164
INFO: [VRFC 10-311] analyzing module Priority_Check__165
INFO: [VRFC 10-311] analyzing module Priority_Check__166
INFO: [VRFC 10-311] analyzing module Priority_Check__167
INFO: [VRFC 10-311] analyzing module Priority_Check__168
INFO: [VRFC 10-311] analyzing module Priority_Check__169
INFO: [VRFC 10-311] analyzing module Priority_Check__17
INFO: [VRFC 10-311] analyzing module Priority_Check__170
INFO: [VRFC 10-311] analyzing module Priority_Check__171
INFO: [VRFC 10-311] analyzing module Priority_Check__172
INFO: [VRFC 10-311] analyzing module Priority_Check__173
INFO: [VRFC 10-311] analyzing module Priority_Check__174
INFO: [VRFC 10-311] analyzing module Priority_Check__175
INFO: [VRFC 10-311] analyzing module Priority_Check__176
INFO: [VRFC 10-311] analyzing module Priority_Check__177
INFO: [VRFC 10-311] analyzing module Priority_Check__178
INFO: [VRFC 10-311] analyzing module Priority_Check__179
INFO: [VRFC 10-311] analyzing module Priority_Check__18
INFO: [VRFC 10-311] analyzing module Priority_Check__180
INFO: [VRFC 10-311] analyzing module Priority_Check__181
INFO: [VRFC 10-311] analyzing module Priority_Check__182
INFO: [VRFC 10-311] analyzing module Priority_Check__183
INFO: [VRFC 10-311] analyzing module Priority_Check__184
INFO: [VRFC 10-311] analyzing module Priority_Check__185
INFO: [VRFC 10-311] analyzing module Priority_Check__186
INFO: [VRFC 10-311] analyzing module Priority_Check__187
INFO: [VRFC 10-311] analyzing module Priority_Check__188
INFO: [VRFC 10-311] analyzing module Priority_Check__189
INFO: [VRFC 10-311] analyzing module Priority_Check__19
INFO: [VRFC 10-311] analyzing module Priority_Check__190
INFO: [VRFC 10-311] analyzing module Priority_Check__191
INFO: [VRFC 10-311] analyzing module Priority_Check__192
INFO: [VRFC 10-311] analyzing module Priority_Check__193
INFO: [VRFC 10-311] analyzing module Priority_Check__194
INFO: [VRFC 10-311] analyzing module Priority_Check__195
INFO: [VRFC 10-311] analyzing module Priority_Check__196
INFO: [VRFC 10-311] analyzing module Priority_Check__197
INFO: [VRFC 10-311] analyzing module Priority_Check__198
INFO: [VRFC 10-311] analyzing module Priority_Check__199
INFO: [VRFC 10-311] analyzing module Priority_Check__2
INFO: [VRFC 10-311] analyzing module Priority_Check__20
INFO: [VRFC 10-311] analyzing module Priority_Check__200
INFO: [VRFC 10-311] analyzing module Priority_Check__201
INFO: [VRFC 10-311] analyzing module Priority_Check__202
INFO: [VRFC 10-311] analyzing module Priority_Check__203
INFO: [VRFC 10-311] analyzing module Priority_Check__204
INFO: [VRFC 10-311] analyzing module Priority_Check__205
INFO: [VRFC 10-311] analyzing module Priority_Check__206
INFO: [VRFC 10-311] analyzing module Priority_Check__207
INFO: [VRFC 10-311] analyzing module Priority_Check__208
INFO: [VRFC 10-311] analyzing module Priority_Check__209
INFO: [VRFC 10-311] analyzing module Priority_Check__21
INFO: [VRFC 10-311] analyzing module Priority_Check__210
INFO: [VRFC 10-311] analyzing module Priority_Check__211
INFO: [VRFC 10-311] analyzing module Priority_Check__212
INFO: [VRFC 10-311] analyzing module Priority_Check__213
INFO: [VRFC 10-311] analyzing module Priority_Check__214
INFO: [VRFC 10-311] analyzing module Priority_Check__215
INFO: [VRFC 10-311] analyzing module Priority_Check__216
INFO: [VRFC 10-311] analyzing module Priority_Check__217
INFO: [VRFC 10-311] analyzing module Priority_Check__218
INFO: [VRFC 10-311] analyzing module Priority_Check__219
INFO: [VRFC 10-311] analyzing module Priority_Check__22
INFO: [VRFC 10-311] analyzing module Priority_Check__220
INFO: [VRFC 10-311] analyzing module Priority_Check__221
INFO: [VRFC 10-311] analyzing module Priority_Check__222
INFO: [VRFC 10-311] analyzing module Priority_Check__223
INFO: [VRFC 10-311] analyzing module Priority_Check__224
INFO: [VRFC 10-311] analyzing module Priority_Check__225
INFO: [VRFC 10-311] analyzing module Priority_Check__226
INFO: [VRFC 10-311] analyzing module Priority_Check__227
INFO: [VRFC 10-311] analyzing module Priority_Check__228
INFO: [VRFC 10-311] analyzing module Priority_Check__229
INFO: [VRFC 10-311] analyzing module Priority_Check__23
INFO: [VRFC 10-311] analyzing module Priority_Check__230
INFO: [VRFC 10-311] analyzing module Priority_Check__231
INFO: [VRFC 10-311] analyzing module Priority_Check__232
INFO: [VRFC 10-311] analyzing module Priority_Check__233
INFO: [VRFC 10-311] analyzing module Priority_Check__234
INFO: [VRFC 10-311] analyzing module Priority_Check__235
INFO: [VRFC 10-311] analyzing module Priority_Check__236
INFO: [VRFC 10-311] analyzing module Priority_Check__237
INFO: [VRFC 10-311] analyzing module Priority_Check__238
INFO: [VRFC 10-311] analyzing module Priority_Check__239
INFO: [VRFC 10-311] analyzing module Priority_Check__24
INFO: [VRFC 10-311] analyzing module Priority_Check__240
INFO: [VRFC 10-311] analyzing module Priority_Check__241
INFO: [VRFC 10-311] analyzing module Priority_Check__242
INFO: [VRFC 10-311] analyzing module Priority_Check__243
INFO: [VRFC 10-311] analyzing module Priority_Check__244
INFO: [VRFC 10-311] analyzing module Priority_Check__245
INFO: [VRFC 10-311] analyzing module Priority_Check__246
INFO: [VRFC 10-311] analyzing module Priority_Check__247
INFO: [VRFC 10-311] analyzing module Priority_Check__248
INFO: [VRFC 10-311] analyzing module Priority_Check__249
INFO: [VRFC 10-311] analyzing module Priority_Check__25
INFO: [VRFC 10-311] analyzing module Priority_Check__250
INFO: [VRFC 10-311] analyzing module Priority_Check__251
INFO: [VRFC 10-311] analyzing module Priority_Check__26
INFO: [VRFC 10-311] analyzing module Priority_Check__27
INFO: [VRFC 10-311] analyzing module Priority_Check__28
INFO: [VRFC 10-311] analyzing module Priority_Check__29
INFO: [VRFC 10-311] analyzing module Priority_Check__3
INFO: [VRFC 10-311] analyzing module Priority_Check__30
INFO: [VRFC 10-311] analyzing module Priority_Check__31
INFO: [VRFC 10-311] analyzing module Priority_Check__32
INFO: [VRFC 10-311] analyzing module Priority_Check__33
INFO: [VRFC 10-311] analyzing module Priority_Check__34
INFO: [VRFC 10-311] analyzing module Priority_Check__35
INFO: [VRFC 10-311] analyzing module Priority_Check__36
INFO: [VRFC 10-311] analyzing module Priority_Check__37
INFO: [VRFC 10-311] analyzing module Priority_Check__38
INFO: [VRFC 10-311] analyzing module Priority_Check__39
INFO: [VRFC 10-311] analyzing module Priority_Check__4
INFO: [VRFC 10-311] analyzing module Priority_Check__40
INFO: [VRFC 10-311] analyzing module Priority_Check__41
INFO: [VRFC 10-311] analyzing module Priority_Check__42
INFO: [VRFC 10-311] analyzing module Priority_Check__43
INFO: [VRFC 10-311] analyzing module Priority_Check__44
INFO: [VRFC 10-311] analyzing module Priority_Check__45
INFO: [VRFC 10-311] analyzing module Priority_Check__46
INFO: [VRFC 10-311] analyzing module Priority_Check__47
INFO: [VRFC 10-311] analyzing module Priority_Check__48
INFO: [VRFC 10-311] analyzing module Priority_Check__49
INFO: [VRFC 10-311] analyzing module Priority_Check__5
INFO: [VRFC 10-311] analyzing module Priority_Check__50
INFO: [VRFC 10-311] analyzing module Priority_Check__51
INFO: [VRFC 10-311] analyzing module Priority_Check__52
INFO: [VRFC 10-311] analyzing module Priority_Check__53
INFO: [VRFC 10-311] analyzing module Priority_Check__54
INFO: [VRFC 10-311] analyzing module Priority_Check__55
INFO: [VRFC 10-311] analyzing module Priority_Check__56
INFO: [VRFC 10-311] analyzing module Priority_Check__57
INFO: [VRFC 10-311] analyzing module Priority_Check__58
INFO: [VRFC 10-311] analyzing module Priority_Check__59
INFO: [VRFC 10-311] analyzing module Priority_Check__6
INFO: [VRFC 10-311] analyzing module Priority_Check__60
INFO: [VRFC 10-311] analyzing module Priority_Check__61
INFO: [VRFC 10-311] analyzing module Priority_Check__62
INFO: [VRFC 10-311] analyzing module Priority_Check__63
INFO: [VRFC 10-311] analyzing module Priority_Check__64
INFO: [VRFC 10-311] analyzing module Priority_Check__65
INFO: [VRFC 10-311] analyzing module Priority_Check__66
INFO: [VRFC 10-311] analyzing module Priority_Check__67
INFO: [VRFC 10-311] analyzing module Priority_Check__68
INFO: [VRFC 10-311] analyzing module Priority_Check__69
INFO: [VRFC 10-311] analyzing module Priority_Check__7
INFO: [VRFC 10-311] analyzing module Priority_Check__70
INFO: [VRFC 10-311] analyzing module Priority_Check__71
INFO: [VRFC 10-311] analyzing module Priority_Check__72
INFO: [VRFC 10-311] analyzing module Priority_Check__73
INFO: [VRFC 10-311] analyzing module Priority_Check__74
INFO: [VRFC 10-311] analyzing module Priority_Check__75
INFO: [VRFC 10-311] analyzing module Priority_Check__76
INFO: [VRFC 10-311] analyzing module Priority_Check__77
INFO: [VRFC 10-311] analyzing module Priority_Check__78
INFO: [VRFC 10-311] analyzing module Priority_Check__79
INFO: [VRFC 10-311] analyzing module Priority_Check__8
INFO: [VRFC 10-311] analyzing module Priority_Check__80
INFO: [VRFC 10-311] analyzing module Priority_Check__81
INFO: [VRFC 10-311] analyzing module Priority_Check__82
INFO: [VRFC 10-311] analyzing module Priority_Check__83
INFO: [VRFC 10-311] analyzing module Priority_Check__84
INFO: [VRFC 10-311] analyzing module Priority_Check__85
INFO: [VRFC 10-311] analyzing module Priority_Check__86
INFO: [VRFC 10-311] analyzing module Priority_Check__87
INFO: [VRFC 10-311] analyzing module Priority_Check__88
INFO: [VRFC 10-311] analyzing module Priority_Check__89
INFO: [VRFC 10-311] analyzing module Priority_Check__9
INFO: [VRFC 10-311] analyzing module Priority_Check__90
INFO: [VRFC 10-311] analyzing module Priority_Check__91
INFO: [VRFC 10-311] analyzing module Priority_Check__92
INFO: [VRFC 10-311] analyzing module Priority_Check__93
INFO: [VRFC 10-311] analyzing module Priority_Check__94
INFO: [VRFC 10-311] analyzing module Priority_Check__95
INFO: [VRFC 10-311] analyzing module Priority_Check__96
INFO: [VRFC 10-311] analyzing module Priority_Check__97
INFO: [VRFC 10-311] analyzing module Priority_Check__98
INFO: [VRFC 10-311] analyzing module Priority_Check__99
INFO: [VRFC 10-311] analyzing module glbl
INFO: [VRFC 10-2263] Analyzing Verilog file "C:/Users/vamsi/Desktop/MAJOR_PROJECT/Major_Project_Files/project_1/project_1.srcs/sim_1/new/Interrupt_Controller_TestBench.v" into library xil_defaultlib
INFO: [VRFC 10-311] analyzing module Interrupt_Controller_TestBench
INFO: [VRFC 10-2263] Analyzing Verilog file "C:/Users/vamsi/Desktop/MAJOR_PROJECT/Major_Project_Files/project_1/project_1.sim/sim_1/synth/timing/glbl.v" into library xil_defaultlib
INFO: [VRFC 10-311] analyzing module glbl
WARNING: [VRFC 10-1195] overwriting previous definition of module glbl [C:/Users/vamsi/Desktop/MAJOR_PROJECT/Major_Project_Files/project_1/project_1.sim/sim_1/synth/timing/glbl.v:6]
