INFO: [VRFC 10-2263] Analyzing Verilog file "C:/Users/vamsi/Desktop/MAJOR_PROJECT/Major_Project_Files/project_1/project_1.srcs/sources_1/new/Interrupt_Controller.v" into library xil_defaultlib
INFO: [VRFC 10-311] analyzing module Interrupt_Controller
ERROR: [VRFC 10-60] counter is not a constant [C:/Users/vamsi/Desktop/MAJOR_PROJECT/Major_Project_Files/project_1/project_1.srcs/sources_1/new/Interrupt_Controller.v:313]
ERROR: [VRFC 10-1775] range must be bounded by constant expressions [C:/Users/vamsi/Desktop/MAJOR_PROJECT/Major_Project_Files/project_1/project_1.srcs/sources_1/new/Interrupt_Controller.v:313]
ERROR: [VRFC 10-394] cannot access memory interrupt_states0 directly [C:/Users/vamsi/Desktop/MAJOR_PROJECT/Major_Project_Files/project_1/project_1.srcs/sources_1/new/Interrupt_Controller.v:313]
ERROR: [VRFC 10-845] illegal operand for operator == [C:/Users/vamsi/Desktop/MAJOR_PROJECT/Major_Project_Files/project_1/project_1.srcs/sources_1/new/Interrupt_Controller.v:313]
ERROR: [VRFC 10-60] counter is not a constant [C:/Users/vamsi/Desktop/MAJOR_PROJECT/Major_Project_Files/project_1/project_1.srcs/sources_1/new/Interrupt_Controller.v:316]
ERROR: [VRFC 10-1775] range must be bounded by constant expressions [C:/Users/vamsi/Desktop/MAJOR_PROJECT/Major_Project_Files/project_1/project_1.srcs/sources_1/new/Interrupt_Controller.v:316]
ERROR: [VRFC 10-60] counter is not a constant [C:/Users/vamsi/Desktop/MAJOR_PROJECT/Major_Project_Files/project_1/project_1.srcs/sources_1/new/Interrupt_Controller.v:321]
ERROR: [VRFC 10-1775] range must be bounded by constant expressions [C:/Users/vamsi/Desktop/MAJOR_PROJECT/Major_Project_Files/project_1/project_1.srcs/sources_1/new/Interrupt_Controller.v:321]
ERROR: [VRFC 10-394] cannot access memory interrupt_states_S directly [C:/Users/vamsi/Desktop/MAJOR_PROJECT/Major_Project_Files/project_1/project_1.srcs/sources_1/new/Interrupt_Controller.v:321]
ERROR: [VRFC 10-845] illegal operand for operator == [C:/Users/vamsi/Desktop/MAJOR_PROJECT/Major_Project_Files/project_1/project_1.srcs/sources_1/new/Interrupt_Controller.v:321]
ERROR: [VRFC 10-60] counter is not a constant [C:/Users/vamsi/Desktop/MAJOR_PROJECT/Major_Project_Files/project_1/project_1.srcs/sources_1/new/Interrupt_Controller.v:324]
ERROR: [VRFC 10-1775] range must be bounded by constant expressions [C:/Users/vamsi/Desktop/MAJOR_PROJECT/Major_Project_Files/project_1/project_1.srcs/sources_1/new/Interrupt_Controller.v:324]
ERROR: [VRFC 10-60] counter1 is not a constant [C:/Users/vamsi/Desktop/MAJOR_PROJECT/Major_Project_Files/project_1/project_1.srcs/sources_1/new/Interrupt_Controller.v:342]
ERROR: [VRFC 10-1775] range must be bounded by constant expressions [C:/Users/vamsi/Desktop/MAJOR_PROJECT/Major_Project_Files/project_1/project_1.srcs/sources_1/new/Interrupt_Controller.v:342]
ERROR: [VRFC 10-394] cannot access memory interrupt_states1 directly [C:/Users/vamsi/Desktop/MAJOR_PROJECT/Major_Project_Files/project_1/project_1.srcs/sources_1/new/Interrupt_Controller.v:342]
ERROR: [VRFC 10-845] illegal operand for operator == [C:/Users/vamsi/Desktop/MAJOR_PROJECT/Major_Project_Files/project_1/project_1.srcs/sources_1/new/Interrupt_Controller.v:342]
ERROR: [VRFC 10-60] counter1 is not a constant [C:/Users/vamsi/Desktop/MAJOR_PROJECT/Major_Project_Files/project_1/project_1.srcs/sources_1/new/Interrupt_Controller.v:345]
ERROR: [VRFC 10-1775] range must be bounded by constant expressions [C:/Users/vamsi/Desktop/MAJOR_PROJECT/Major_Project_Files/project_1/project_1.srcs/sources_1/new/Interrupt_Controller.v:345]
ERROR: [VRFC 10-60] counter1 is not a constant [C:/Users/vamsi/Desktop/MAJOR_PROJECT/Major_Project_Files/project_1/project_1.srcs/sources_1/new/Interrupt_Controller.v:350]
INFO: [#UNDEF] Sorry, too many errors..
