Vivado Simulator 2015.2
Copyright 1986-1999, 2001-2015 Xilinx, Inc. All Rights Reserved.
Running: C:/Xilinx/Vivado/2015.2/bin/unwrapped/win64.o/xelab.exe -wto 300dfdc5400c46ff9b3e0c33943ac0ac --debug typical --relax --mt 2 -L xil_defaultlib -L unisims_ver -L unimacro_ver -L secureip --snapshot Interrupt_Controller_TestBench_behav xil_defaultlib.Interrupt_Controller_TestBench xil_defaultlib.glbl -log elaborate.log 
Using 2 slave threads.
Starting static elaboration
WARNING: [VRFC 10-278] actual bit length 32 differs from formal bit length 2 for port Dist_no [C:/Users/vamsi/Desktop/MAJOR_PROJECT/Major_Project_Files/project_1/project_1.srcs/sources_1/new/Interrupt_Controller.v:2362]
WARNING: [VRFC 10-278] actual bit length 8 differs from formal bit length 4 for port target_proc_list2 [C:/Users/vamsi/Desktop/MAJOR_PROJECT/Major_Project_Files/project_1/project_1.srcs/sources_1/new/Interrupt_Controller.v:2367]
WARNING: [VRFC 10-278] actual bit length 32 differs from formal bit length 2 for port Dist_no [C:/Users/vamsi/Desktop/MAJOR_PROJECT/Major_Project_Files/project_1/project_1.srcs/sources_1/new/Interrupt_Controller.v:2381]
WARNING: [VRFC 10-278] actual bit length 8 differs from formal bit length 4 for port target_proc_list2 [C:/Users/vamsi/Desktop/MAJOR_PROJECT/Major_Project_Files/project_1/project_1.srcs/sources_1/new/Interrupt_Controller.v:2386]
WARNING: [VRFC 10-278] actual bit length 32 differs from formal bit length 16 for port PPI_1 [C:/Users/vamsi/Desktop/MAJOR_PROJECT/Major_Project_Files/project_1/project_1.srcs/sim_1/new/Interrupt_Controller_TestBench.v:51]
WARNING: [VRFC 10-278] actual bit length 32 differs from formal bit length 2 for port Dist_no [C:/Users/vamsi/Desktop/MAJOR_PROJECT/Major_Project_Files/project_1/project_1.srcs/sources_1/new/Interrupt_Controller.v:2344]
WARNING: [VRFC 10-278] actual bit length 8 differs from formal bit length 4 for port target_proc_list1 [C:/Users/vamsi/Desktop/MAJOR_PROJECT/Major_Project_Files/project_1/project_1.srcs/sources_1/new/Interrupt_Controller.v:2349]
WARNING: [VRFC 10-1783] select index 33 into ICDICFR0 is out of bounds [C:/Users/vamsi/Desktop/MAJOR_PROJECT/Major_Project_Files/project_1/project_1.srcs/sources_1/new/Interrupt_Controller.v:2174]
WARNING: [VRFC 10-1783] select index 33 into ICDICFR0 is out of bounds [C:/Users/vamsi/Desktop/MAJOR_PROJECT/Major_Project_Files/project_1/project_1.srcs/sources_1/new/Interrupt_Controller.v:2214]
WARNING: [VRFC 10-1783] select index 65 into ICDICFR_S is out of bounds [C:/Users/vamsi/Desktop/MAJOR_PROJECT/Major_Project_Files/project_1/project_1.srcs/sources_1/new/Interrupt_Controller.v:2277]
WARNING: [VRFC 10-1783] select index 60 into SPI is out of bounds [C:/Users/vamsi/Desktop/MAJOR_PROJECT/Major_Project_Files/project_1/project_1.srcs/sources_1/new/Interrupt_Controller.v:2258]
WARNING: [VRFC 10-1783] select index 60 into SPI is out of bounds [C:/Users/vamsi/Desktop/MAJOR_PROJECT/Major_Project_Files/project_1/project_1.srcs/sources_1/new/Interrupt_Controller.v:2279]
WARNING: [VRFC 10-597] element index 35 into ICDIPTR0 is out of bounds [C:/Users/vamsi/Desktop/MAJOR_PROJECT/Major_Project_Files/project_1/project_1.srcs/sources_1/new/Interrupt_Controller.v:2367]
WARNING: [VRFC 10-597] element index 35 into ICDIPTR_S is out of bounds [C:/Users/vamsi/Desktop/MAJOR_PROJECT/Major_Project_Files/project_1/project_1.srcs/sources_1/new/Interrupt_Controller.v:2386]
Completed static elaboration
Starting simulation data flow analysis
Completed simulation data flow analysis
Time Resolution for simulation is 1ps
Compiling module xil_defaultlib.Priority_Check
Compiling module xil_defaultlib.Interrupt_Controller_default
Compiling module xil_defaultlib.Interrupt_Controller_TestBench
Compiling module xil_defaultlib.glbl
Waiting for 3 sub-compilation(s) to finish...
Built simulation snapshot Interrupt_Controller_TestBench_behav
