Copyright 1986-2015 Xilinx, Inc. All Rights Reserved.
------------------------------------------------------------------------------------
| Tool Version : Vivado v.2015.2 (win64) Build 1266856 Fri Jun 26 16:35:25 MDT 2015
| Date         : Sat Feb 24 23:49:38 2018
| Host         : G-TIRUPATHI running 64-bit major release  (build 9200)
| Command      : report_io -file Interrupt_Controller_io_placed.rpt
| Design       : Interrupt_Controller
| Device       : xc7a100t
| Speed File   : -1
| Package      : csg324
------------------------------------------------------------------------------------

IO Information

Table of Contents
-----------------
1. Summary
2. IO Assignments by Package Pin

1. Summary
----------

+---------------+
| Total User IO |
+---------------+
|           208 |
+---------------+


2. IO Assignments by Package Pin
--------------------------------

+------------+--------------+------------+------------------------------+-------------+-------------+---------+------------+------+---------------------+----------------------+---------+------------+-----------+------+------------------+
| Pin Number | Signal Name  | Bank Type  | Pin Name                     | Use         | IO Standard | IO Bank | Drive (mA) | Slew | On-Chip Termination | Off-Chip Termination | Voltage | Constraint | Pull Type | Vref | Signal Integrity |
+------------+--------------+------------+------------------------------+-------------+-------------+---------+------------+------+---------------------+----------------------+---------+------------+-----------+------+------------------+
| A1         | data_out[15] | High Range | IO_L9N_T1_DQS_AD7N_35        | OUTPUT      | LVCMOS18*   |      35 |         12 | SLOW |                     |            FP_VTT_50 |         | UNFIXED    |           |      | NONE             |
| A2         |              |            | GND                          | GND         |             |         |            |      |                     |                      |     0.0 |            |           |      |                  |
| A3         | data_out[17] | High Range | IO_L8N_T1_AD14N_35           | OUTPUT      | LVCMOS18*   |      35 |         12 | SLOW |                     |            FP_VTT_50 |         | UNFIXED    |           |      | NONE             |
| A4         | data_out[18] | High Range | IO_L8P_T1_AD14P_35           | OUTPUT      | LVCMOS18*   |      35 |         12 | SLOW |                     |            FP_VTT_50 |         | UNFIXED    |           |      | NONE             |
| A5         | data_out[27] | High Range | IO_L3N_T0_DQS_AD5N_35        | OUTPUT      | LVCMOS18*   |      35 |         12 | SLOW |                     |            FP_VTT_50 |         | UNFIXED    |           |      | NONE             |
| A6         | data_out[28] | High Range | IO_L3P_T0_DQS_AD5P_35        | OUTPUT      | LVCMOS18*   |      35 |         12 | SLOW |                     |            FP_VTT_50 |         | UNFIXED    |           |      | NONE             |
| A7         |              | High Range | VCCO_35                      | VCCO        |             |      35 |            |      |                     |                      |    1.80 |            |           |      |                  |
| A8         | FIQ[3]       | High Range | IO_L12N_T1_MRCC_16           | OUTPUT      | LVCMOS18*   |      16 |         12 | SLOW |                     |            FP_VTT_50 |         | UNFIXED    |           |      | NONE             |
| A9         | read         | High Range | IO_L14N_T2_SRCC_16           | INPUT       | LVCMOS18*   |      16 |            |      |                     |                 NONE |         | UNFIXED    |           |      | NONE             |
| A10        | reset1       | High Range | IO_L14P_T2_SRCC_16           | INPUT       | LVCMOS18*   |      16 |            |      |                     |                 NONE |         | UNFIXED    |           |      | NONE             |
| A11        | PPI_4[24]    | High Range | IO_L4N_T0_15                 | INPUT       | LVCMOS18*   |      15 |            |      |                     |                 NONE |         | UNFIXED    |           |      | NONE             |
| A12        |              |            | GND                          | GND         |             |         |            |      |                     |                      |     0.0 |            |           |      |                  |
| A13        | address[31]  | High Range | IO_L9P_T1_DQS_AD3P_15        | INPUT       | LVCMOS18*   |      15 |            |      |                     |                 NONE |         | UNFIXED    |           |      | NONE             |
| A14        | address[30]  | High Range | IO_L9N_T1_DQS_AD3N_15        | INPUT       | LVCMOS18*   |      15 |            |      |                     |                 NONE |         | UNFIXED    |           |      | NONE             |
| A15        | PPI_4[17]    | High Range | IO_L8P_T1_AD10P_15           | INPUT       | LVCMOS18*   |      15 |            |      |                     |                 NONE |         | UNFIXED    |           |      | NONE             |
| A16        | PPI_4[16]    | High Range | IO_L8N_T1_AD10N_15           | INPUT       | LVCMOS18*   |      15 |            |      |                     |                 NONE |         | UNFIXED    |           |      | NONE             |
| A17        |              | High Range | VCCO_15                      | VCCO        |             |      15 |            |      |                     |                      |    1.80 |            |           |      |                  |
| A18        | address[28]  | High Range | IO_L10N_T1_AD11N_15          | INPUT       | LVCMOS18*   |      15 |            |      |                     |                 NONE |         | UNFIXED    |           |      | NONE             |
| B1         | data_out[16] | High Range | IO_L9P_T1_DQS_AD7P_35        | OUTPUT      | LVCMOS18*   |      35 |         12 | SLOW |                     |            FP_VTT_50 |         | UNFIXED    |           |      | NONE             |
| B2         | data_out[13] | High Range | IO_L10N_T1_AD15N_35          | OUTPUT      | LVCMOS18*   |      35 |         12 | SLOW |                     |            FP_VTT_50 |         | UNFIXED    |           |      | NONE             |
| B3         | data_out[14] | High Range | IO_L10P_T1_AD15P_35          | OUTPUT      | LVCMOS18*   |      35 |         12 | SLOW |                     |            FP_VTT_50 |         | UNFIXED    |           |      | NONE             |
| B4         | data_out[19] | High Range | IO_L7N_T1_AD6N_35            | OUTPUT      | LVCMOS18*   |      35 |         12 | SLOW |                     |            FP_VTT_50 |         | UNFIXED    |           |      | NONE             |
| B5         |              |            | GND                          | GND         |             |         |            |      |                     |                      |     0.0 |            |           |      |                  |
| B6         | data_out[29] | High Range | IO_L2N_T0_AD12N_35           | OUTPUT      | LVCMOS18*   |      35 |         12 | SLOW |                     |            FP_VTT_50 |         | UNFIXED    |           |      | NONE             |
| B7         | data_out[30] | High Range | IO_L2P_T0_AD12P_35           | OUTPUT      | LVCMOS18*   |      35 |         12 | SLOW |                     |            FP_VTT_50 |         | UNFIXED    |           |      | NONE             |
| B8         | IRQ[0]       | High Range | IO_L12P_T1_MRCC_16           | OUTPUT      | LVCMOS18*   |      16 |         12 | SLOW |                     |            FP_VTT_50 |         | UNFIXED    |           |      | NONE             |
| B9         | IRQ[1]       | High Range | IO_L11N_T1_SRCC_16           | OUTPUT      | LVCMOS18*   |      16 |         12 | SLOW |                     |            FP_VTT_50 |         | UNFIXED    |           |      | NONE             |
| B10        |              | High Range | VCCO_16                      | VCCO        |             |      16 |            |      |                     |                      |    1.80 |            |           |      |                  |
| B11        | PPI_4[25]    | High Range | IO_L4P_T0_15                 | INPUT       | LVCMOS18*   |      15 |            |      |                     |                 NONE |         | UNFIXED    |           |      | NONE             |
| B12        | PPI_4[26]    | High Range | IO_L3N_T0_DQS_AD1N_15        | INPUT       | LVCMOS18*   |      15 |            |      |                     |                 NONE |         | UNFIXED    |           |      | NONE             |
| B13        | PPI_4[29]    | High Range | IO_L2P_T0_AD8P_15            | INPUT       | LVCMOS18*   |      15 |            |      |                     |                 NONE |         | UNFIXED    |           |      | NONE             |
| B14        | PPI_4[28]    | High Range | IO_L2N_T0_AD8N_15            | INPUT       | LVCMOS18*   |      15 |            |      |                     |                 NONE |         | UNFIXED    |           |      | NONE             |
| B15        |              |            | GND                          | GND         |             |         |            |      |                     |                      |     0.0 |            |           |      |                  |
| B16        | PPI_4[19]    | High Range | IO_L7P_T1_AD2P_15            | INPUT       | LVCMOS18*   |      15 |            |      |                     |                 NONE |         | UNFIXED    |           |      | NONE             |
| B17        | PPI_4[18]    | High Range | IO_L7N_T1_AD2N_15            | INPUT       | LVCMOS18*   |      15 |            |      |                     |                 NONE |         | UNFIXED    |           |      | NONE             |
| B18        | address[29]  | High Range | IO_L10P_T1_AD11P_15          | INPUT       | LVCMOS18*   |      15 |            |      |                     |                 NONE |         | UNFIXED    |           |      | NONE             |
| C1         | data_out[1]  | High Range | IO_L16N_T2_35                | OUTPUT      | LVCMOS18*   |      35 |         12 | SLOW |                     |            FP_VTT_50 |         | UNFIXED    |           |      | NONE             |
| C2         | data_out[2]  | High Range | IO_L16P_T2_35                | OUTPUT      | LVCMOS18*   |      35 |         12 | SLOW |                     |            FP_VTT_50 |         | UNFIXED    |           |      | NONE             |
| C3         |              | High Range | VCCO_35                      | VCCO        |             |      35 |            |      |                     |                      |    1.80 |            |           |      |                  |
| C4         | data_out[20] | High Range | IO_L7P_T1_AD6P_35            | OUTPUT      | LVCMOS18*   |      35 |         12 | SLOW |                     |            FP_VTT_50 |         | UNFIXED    |           |      | NONE             |
| C5         | data_out[31] | High Range | IO_L1N_T0_AD4N_35            | OUTPUT      | LVCMOS18*   |      35 |         12 | SLOW |                     |            FP_VTT_50 |         | UNFIXED    |           |      | NONE             |
| C6         |              | High Range | IO_L1P_T0_AD4P_35            | User IO     |             |      35 |            |      |                     |                      |         |            |           |      |                  |
| C7         | data_out[25] | High Range | IO_L4N_T0_35                 | OUTPUT      | LVCMOS18*   |      35 |         12 | SLOW |                     |            FP_VTT_50 |         | UNFIXED    |           |      | NONE             |
| C8         |              |            | GND                          | GND         |             |         |            |      |                     |                      |     0.0 |            |           |      |                  |
| C9         | IRQ[2]       | High Range | IO_L11P_T1_SRCC_16           | OUTPUT      | LVCMOS18*   |      16 |         12 | SLOW |                     |            FP_VTT_50 |         | UNFIXED    |           |      | NONE             |
| C10        | FIQ[1]       | High Range | IO_L13N_T2_MRCC_16           | OUTPUT      | LVCMOS18*   |      16 |         12 | SLOW |                     |            FP_VTT_50 |         | UNFIXED    |           |      | NONE             |
| C11        | FIQ[2]       | High Range | IO_L13P_T2_MRCC_16           | OUTPUT      | LVCMOS18*   |      16 |         12 | SLOW |                     |            FP_VTT_50 |         | UNFIXED    |           |      | NONE             |
| C12        | PPI_4[27]    | High Range | IO_L3P_T0_DQS_AD1P_15        | INPUT       | LVCMOS18*   |      15 |            |      |                     |                 NONE |         | UNFIXED    |           |      | NONE             |
| C13        |              | High Range | VCCO_15                      | VCCO        |             |      15 |            |      |                     |                      |    1.80 |            |           |      |                  |
| C14        | PPI_4[30]    | High Range | IO_L1N_T0_AD0N_15            | INPUT       | LVCMOS18*   |      15 |            |      |                     |                 NONE |         | UNFIXED    |           |      | NONE             |
| C15        | address[25]  | High Range | IO_L12N_T1_MRCC_15           | INPUT       | LVCMOS18*   |      15 |            |      |                     |                 NONE |         | UNFIXED    |           |      | NONE             |
| C16        | address[10]  | High Range | IO_L20P_T3_A20_15            | INPUT       | LVCMOS18*   |      15 |            |      |                     |                 NONE |         | UNFIXED    |           |      | NONE             |
| C17        | address[9]   | High Range | IO_L20N_T3_A19_15            | INPUT       | LVCMOS18*   |      15 |            |      |                     |                 NONE |         | UNFIXED    |           |      | NONE             |
| C18        |              |            | GND                          | GND         |             |         |            |      |                     |                      |     0.0 |            |           |      |                  |
| D1         |              |            | GND                          | GND         |             |         |            |      |                     |                      |     0.0 |            |           |      |                  |
| D2         | data_out[5]  | High Range | IO_L14N_T2_SRCC_35           | OUTPUT      | LVCMOS18*   |      35 |         12 | SLOW |                     |            FP_VTT_50 |         | UNFIXED    |           |      | NONE             |
| D3         | data_out[9]  | High Range | IO_L12N_T1_MRCC_35           | OUTPUT      | LVCMOS18*   |      35 |         12 | SLOW |                     |            FP_VTT_50 |         | UNFIXED    |           |      | NONE             |
| D4         | data_out[11] | High Range | IO_L11N_T1_SRCC_35           | OUTPUT      | LVCMOS18*   |      35 |         12 | SLOW |                     |            FP_VTT_50 |         | UNFIXED    |           |      | NONE             |
| D5         | data_out[12] | High Range | IO_L11P_T1_SRCC_35           | OUTPUT      | LVCMOS18*   |      35 |         12 | SLOW |                     |            FP_VTT_50 |         | UNFIXED    |           |      | NONE             |
| D6         |              | High Range | VCCO_35                      | VCCO        |             |      35 |            |      |                     |                      |    1.80 |            |           |      |                  |
| D7         | data_out[21] | High Range | IO_L6N_T0_VREF_35            | OUTPUT      | LVCMOS18*   |      35 |         12 | SLOW |                     |            FP_VTT_50 |         | UNFIXED    |           |      | NONE             |
| D8         | data_out[26] | High Range | IO_L4P_T0_35                 | OUTPUT      | LVCMOS18*   |      35 |         12 | SLOW |                     |            FP_VTT_50 |         | UNFIXED    |           |      | NONE             |
| D9         | IRQ[3]       | High Range | IO_L6N_T0_VREF_16            | OUTPUT      | LVCMOS18*   |      16 |         12 | SLOW |                     |            FP_VTT_50 |         | UNFIXED    |           |      | NONE             |
| D10        | enable_RW    | High Range | IO_L19N_T3_VREF_16           | INPUT       | LVCMOS18*   |      16 |            |      |                     |                 NONE |         | UNFIXED    |           |      | NONE             |
| D11        |              |            | GND                          | GND         |             |         |            |      |                     |                      |     0.0 |            |           |      |                  |
| D12        | PPI_4[21]    | High Range | IO_L6P_T0_15                 | INPUT       | LVCMOS18*   |      15 |            |      |                     |                 NONE |         | UNFIXED    |           |      | NONE             |
| D13        | PPI_4[20]    | High Range | IO_L6N_T0_VREF_15            | INPUT       | LVCMOS18*   |      15 |            |      |                     |                 NONE |         | UNFIXED    |           |      | NONE             |
| D14        | PPI_4[31]    | High Range | IO_L1P_T0_AD0P_15            | INPUT       | LVCMOS18*   |      15 |            |      |                     |                 NONE |         | UNFIXED    |           |      | NONE             |
| D15        | address[26]  | High Range | IO_L12P_T1_MRCC_15           | INPUT       | LVCMOS18*   |      15 |            |      |                     |                 NONE |         | UNFIXED    |           |      | NONE             |
| D16        |              | High Range | VCCO_15                      | VCCO        |             |      15 |            |      |                     |                      |    1.80 |            |           |      |                  |
| D17        | address[17]  | High Range | IO_L16N_T2_A27_15            | INPUT       | LVCMOS18*   |      15 |            |      |                     |                 NONE |         | UNFIXED    |           |      | NONE             |
| D18        | address[7]   | High Range | IO_L21N_T3_DQS_A18_15        | INPUT       | LVCMOS18*   |      15 |            |      |                     |                 NONE |         | UNFIXED    |           |      | NONE             |
| E1         | PPI_3[29]    | High Range | IO_L18N_T2_35                | INPUT       | LVCMOS18*   |      35 |            |      |                     |                 NONE |         | UNFIXED    |           |      | NONE             |
| E2         | data_out[6]  | High Range | IO_L14P_T2_SRCC_35           | OUTPUT      | LVCMOS18*   |      35 |         12 | SLOW |                     |            FP_VTT_50 |         | UNFIXED    |           |      | NONE             |
| E3         | data_out[10] | High Range | IO_L12P_T1_MRCC_35           | OUTPUT      | LVCMOS18*   |      35 |         12 | SLOW |                     |            FP_VTT_50 |         | UNFIXED    |           |      | NONE             |
| E4         |              |            | GND                          | GND         |             |         |            |      |                     |                      |     0.0 |            |           |      |                  |
| E5         | data_out[23] | High Range | IO_L5N_T0_AD13N_35           | OUTPUT      | LVCMOS18*   |      35 |         12 | SLOW |                     |            FP_VTT_50 |         | UNFIXED    |           |      | NONE             |
| E6         | data_out[24] | High Range | IO_L5P_T0_AD13P_35           | OUTPUT      | LVCMOS18*   |      35 |         12 | SLOW |                     |            FP_VTT_50 |         | UNFIXED    |           |      | NONE             |
| E7         | data_out[22] | High Range | IO_L6P_T0_35                 | OUTPUT      | LVCMOS18*   |      35 |         12 | SLOW |                     |            FP_VTT_50 |         | UNFIXED    |           |      | NONE             |
| E8         |              | Dedicated  | VCCBATT_0                    | Config      |             |       0 |            |      |                     |                      |         |            |           |      |                  |
| E9         |              | Dedicated  | CCLK_0                       | Config      |             |       0 |            |      |                     |                      |         |            |           |      |                  |
| E10        |              | Dedicated  | TCK_0                        | Config      |             |       0 |            |      |                     |                      |         |            |           |      |                  |
| E11        |              | Dedicated  | TDI_0                        | Config      |             |       0 |            |      |                     |                      |         |            |           |      |                  |
| E12        |              | Dedicated  | TMS_0                        | Config      |             |       0 |            |      |                     |                      |         |            |           |      |                  |
| E13        |              | Dedicated  | TDO_0                        | Config      |             |       0 |            |      |                     |                      |         |            |           |      |                  |
| E14        |              |            | GND                          | GND         |             |         |            |      |                     |                      |     0.0 |            |           |      |                  |
| E15        | clk_in       | High Range | IO_L11P_T1_SRCC_15           | INPUT       | LVCMOS18*   |      15 |            |      |                     |                 NONE |         | UNFIXED    |           |      | NONE             |
| E16        | address[27]  | High Range | IO_L11N_T1_SRCC_15           | INPUT       | LVCMOS18*   |      15 |            |      |                     |                 NONE |         | UNFIXED    |           |      | NONE             |
| E17        | address[18]  | High Range | IO_L16P_T2_A28_15            | INPUT       | LVCMOS18*   |      15 |            |      |                     |                 NONE |         | UNFIXED    |           |      | NONE             |
| E18        | address[8]   | High Range | IO_L21P_T3_DQS_15            | INPUT       | LVCMOS18*   |      15 |            |      |                     |                 NONE |         | UNFIXED    |           |      | NONE             |
| F1         | PPI_3[30]    | High Range | IO_L18P_T2_35                | INPUT       | LVCMOS18*   |      35 |            |      |                     |                 NONE |         | UNFIXED    |           |      | NONE             |
| F2         |              | High Range | VCCO_35                      | VCCO        |             |      35 |            |      |                     |                      |    1.80 |            |           |      |                  |
| F3         | data_out[7]  | High Range | IO_L13N_T2_MRCC_35           | OUTPUT      | LVCMOS18*   |      35 |         12 | SLOW |                     |            FP_VTT_50 |         | UNFIXED    |           |      | NONE             |
| F4         | data_out[8]  | High Range | IO_L13P_T2_MRCC_35           | OUTPUT      | LVCMOS18*   |      35 |         12 | SLOW |                     |            FP_VTT_50 |         | UNFIXED    |           |      | NONE             |
| F5         |              | High Range | IO_0_35                      | User IO     |             |      35 |            |      |                     |                      |         |            |           |      |                  |
| F6         | PPI_3[27]    | High Range | IO_L19N_T3_VREF_35           | INPUT       | LVCMOS18*   |      35 |            |      |                     |                 NONE |         | UNFIXED    |           |      | NONE             |
| F7         |              |            | GND                          | GND         |             |         |            |      |                     |                      |     0.0 |            |           |      |                  |
| F8         |              |            | VCCINT                       | VCCINT      |             |         |            |      |                     |                      |         |            |           |      |                  |
| F9         |              |            | GND                          | GND         |             |         |            |      |                     |                      |     0.0 |            |           |      |                  |
| F10        |              |            | VCCBRAM                      | VCCBRAM     |             |         |            |      |                     |                      |         |            |           |      |                  |
| F11        |              |            | GND                          | GND         |             |         |            |      |                     |                      |     0.0 |            |           |      |                  |
| F12        |              |            | VCCAUX                       | VCCAUX      |             |         |            |      |                     |                      |    1.80 |            |           |      |                  |
| F13        | PPI_4[23]    | High Range | IO_L5P_T0_AD9P_15            | INPUT       | LVCMOS18*   |      15 |            |      |                     |                 NONE |         | UNFIXED    |           |      | NONE             |
| F14        | PPI_4[22]    | High Range | IO_L5N_T0_AD9N_15            | INPUT       | LVCMOS18*   |      15 |            |      |                     |                 NONE |         | UNFIXED    |           |      | NONE             |
| F15        | address[22]  | High Range | IO_L14P_T2_SRCC_15           | INPUT       | LVCMOS18*   |      15 |            |      |                     |                 NONE |         | UNFIXED    |           |      | NONE             |
| F16        | address[21]  | High Range | IO_L14N_T2_SRCC_15           | INPUT       | LVCMOS18*   |      15 |            |      |                     |                 NONE |         | UNFIXED    |           |      | NONE             |
| F17        |              |            | GND                          | GND         |             |         |            |      |                     |                      |     0.0 |            |           |      |                  |
| F18        | address[5]   | High Range | IO_L22N_T3_A16_15            | INPUT       | LVCMOS18*   |      15 |            |      |                     |                 NONE |         | UNFIXED    |           |      | NONE             |
| G1         | PPI_3[31]    | High Range | IO_L17N_T2_35                | INPUT       | LVCMOS18*   |      35 |            |      |                     |                 NONE |         | UNFIXED    |           |      | NONE             |
| G2         | data_out[3]  | High Range | IO_L15N_T2_DQS_35            | OUTPUT      | LVCMOS18*   |      35 |         12 | SLOW |                     |            FP_VTT_50 |         | UNFIXED    |           |      | NONE             |
| G3         | PPI_3[25]    | High Range | IO_L20N_T3_35                | INPUT       | LVCMOS18*   |      35 |            |      |                     |                 NONE |         | UNFIXED    |           |      | NONE             |
| G4         | PPI_3[26]    | High Range | IO_L20P_T3_35                | INPUT       | LVCMOS18*   |      35 |            |      |                     |                 NONE |         | UNFIXED    |           |      | NONE             |
| G5         |              | High Range | VCCO_35                      | VCCO        |             |      35 |            |      |                     |                      |    1.80 |            |           |      |                  |
| G6         | PPI_3[28]    | High Range | IO_L19P_T3_35                | INPUT       | LVCMOS18*   |      35 |            |      |                     |                 NONE |         | UNFIXED    |           |      | NONE             |
| G7         |              |            | VCCINT                       | VCCINT      |             |         |            |      |                     |                      |         |            |           |      |                  |
| G8         |              |            | GND                          | GND         |             |         |            |      |                     |                      |     0.0 |            |           |      |                  |
| G9         |              |            | VCCINT                       | VCCINT      |             |         |            |      |                     |                      |         |            |           |      |                  |
| G10        |              |            | GND                          | GND         |             |         |            |      |                     |                      |     0.0 |            |           |      |                  |
| G11        |              |            | VCCBRAM                      | VCCBRAM     |             |         |            |      |                     |                      |         |            |           |      |                  |
| G12        |              |            | GND                          | GND         |             |         |            |      |                     |                      |     0.0 |            |           |      |                  |
| G13        | FIQ[0]       | High Range | IO_0_15                      | OUTPUT      | LVCMOS18*   |      15 |         12 | SLOW |                     |            FP_VTT_50 |         | UNFIXED    |           |      | NONE             |
| G14        | address[19]  | High Range | IO_L15N_T2_DQS_ADV_B_15      | INPUT       | LVCMOS18*   |      15 |            |      |                     |                 NONE |         | UNFIXED    |           |      | NONE             |
| G15        |              | High Range | VCCO_15                      | VCCO        |             |      15 |            |      |                     |                      |    1.80 |            |           |      |                  |
| G16        | address[23]  | High Range | IO_L13N_T2_MRCC_15           | INPUT       | LVCMOS18*   |      15 |            |      |                     |                 NONE |         | UNFIXED    |           |      | NONE             |
| G17        | address[13]  | High Range | IO_L18N_T2_A23_15            | INPUT       | LVCMOS18*   |      15 |            |      |                     |                 NONE |         | UNFIXED    |           |      | NONE             |
| G18        | address[6]   | High Range | IO_L22P_T3_A17_15            | INPUT       | LVCMOS18*   |      15 |            |      |                     |                 NONE |         | UNFIXED    |           |      | NONE             |
| H1         | data_out[0]  | High Range | IO_L17P_T2_35                | OUTPUT      | LVCMOS18*   |      35 |         12 | SLOW |                     |            FP_VTT_50 |         | UNFIXED    |           |      | NONE             |
| H2         | data_out[4]  | High Range | IO_L15P_T2_DQS_35            | OUTPUT      | LVCMOS18*   |      35 |         12 | SLOW |                     |            FP_VTT_50 |         | UNFIXED    |           |      | NONE             |
| H3         |              |            | GND                          | GND         |             |         |            |      |                     |                      |     0.0 |            |           |      |                  |
| H4         | PPI_3[23]    | High Range | IO_L21N_T3_DQS_35            | INPUT       | LVCMOS18*   |      35 |            |      |                     |                 NONE |         | UNFIXED    |           |      | NONE             |
| H5         | PPI_3[17]    | High Range | IO_L24N_T3_35                | INPUT       | LVCMOS18*   |      35 |            |      |                     |                 NONE |         | UNFIXED    |           |      | NONE             |
| H6         | PPI_3[18]    | High Range | IO_L24P_T3_35                | INPUT       | LVCMOS18*   |      35 |            |      |                     |                 NONE |         | UNFIXED    |           |      | NONE             |
| H7         |              |            | GND                          | GND         |             |         |            |      |                     |                      |     0.0 |            |           |      |                  |
| H8         |              |            | VCCINT                       | VCCINT      |             |         |            |      |                     |                      |         |            |           |      |                  |
| H9         |              | Dedicated  | GNDADC_0                     | XADC        |             |       0 |            |      |                     |                      |         |            |           |      |                  |
| H10        |              | Dedicated  | VCCADC_0                     | XADC        |             |       0 |            |      |                     |                      |         |            |           |      |                  |
| H11        |              |            | GND                          | GND         |             |         |            |      |                     |                      |     0.0 |            |           |      |                  |
| H12        |              |            | VCCAUX                       | VCCAUX      |             |         |            |      |                     |                      |    1.80 |            |           |      |                  |
| H13        |              |            | GND                          | GND         |             |         |            |      |                     |                      |     0.0 |            |           |      |                  |
| H14        | address[20]  | High Range | IO_L15P_T2_DQS_15            | INPUT       | LVCMOS18*   |      15 |            |      |                     |                 NONE |         | UNFIXED    |           |      | NONE             |
| H15        | address[11]  | High Range | IO_L19N_T3_A21_VREF_15       | INPUT       | LVCMOS18*   |      15 |            |      |                     |                 NONE |         | UNFIXED    |           |      | NONE             |
| H16        | address[24]  | High Range | IO_L13P_T2_MRCC_15           | INPUT       | LVCMOS18*   |      15 |            |      |                     |                 NONE |         | UNFIXED    |           |      | NONE             |
| H17        | address[14]  | High Range | IO_L18P_T2_A24_15            | INPUT       | LVCMOS18*   |      15 |            |      |                     |                 NONE |         | UNFIXED    |           |      | NONE             |
| H18        |              | High Range | VCCO_15                      | VCCO        |             |      15 |            |      |                     |                      |    1.80 |            |           |      |                  |
| J1         |              | High Range | VCCO_35                      | VCCO        |             |      35 |            |      |                     |                      |    1.80 |            |           |      |                  |
| J2         | PPI_3[21]    | High Range | IO_L22N_T3_35                | INPUT       | LVCMOS18*   |      35 |            |      |                     |                 NONE |         | UNFIXED    |           |      | NONE             |
| J3         | PPI_3[22]    | High Range | IO_L22P_T3_35                | INPUT       | LVCMOS18*   |      35 |            |      |                     |                 NONE |         | UNFIXED    |           |      | NONE             |
| J4         | PPI_3[24]    | High Range | IO_L21P_T3_DQS_35            | INPUT       | LVCMOS18*   |      35 |            |      |                     |                 NONE |         | UNFIXED    |           |      | NONE             |
| J5         | PPI_3[16]    | High Range | IO_25_35                     | INPUT       | LVCMOS18*   |      35 |            |      |                     |                 NONE |         | UNFIXED    |           |      | NONE             |
| J6         |              |            | GND                          | GND         |             |         |            |      |                     |                      |     0.0 |            |           |      |                  |
| J7         |              |            | VCCINT                       | VCCINT      |             |         |            |      |                     |                      |         |            |           |      |                  |
| J8         |              |            | GND                          | GND         |             |         |            |      |                     |                      |     0.0 |            |           |      |                  |
| J9         |              | Dedicated  | VREFN_0                      | XADC        |             |       0 |            |      |                     |                      |         |            |           |      |                  |
| J10        |              | Dedicated  | VP_0                         | XADC        |             |       0 |            |      |                     |                      |         |            |           |      |                  |
| J11        |              |            | VCCINT                       | VCCINT      |             |         |            |      |                     |                      |         |            |           |      |                  |
| J12        |              |            | GND                          | GND         |             |         |            |      |                     |                      |     0.0 |            |           |      |                  |
| J13        | address[15]  | High Range | IO_L17N_T2_A25_15            | INPUT       | LVCMOS18*   |      15 |            |      |                     |                 NONE |         | UNFIXED    |           |      | NONE             |
| J14        | address[12]  | High Range | IO_L19P_T3_A22_15            | INPUT       | LVCMOS18*   |      15 |            |      |                     |                 NONE |         | UNFIXED    |           |      | NONE             |
| J15        | address[1]   | High Range | IO_L24N_T3_RS0_15            | INPUT       | LVCMOS18*   |      15 |            |      |                     |                 NONE |         | UNFIXED    |           |      | NONE             |
| J16        |              |            | GND                          | GND         |             |         |            |      |                     |                      |     0.0 |            |           |      |                  |
| J17        | address[4]   | High Range | IO_L23P_T3_FOE_B_15          | INPUT       | LVCMOS18*   |      15 |            |      |                     |                 NONE |         | UNFIXED    |           |      | NONE             |
| J18        | address[3]   | High Range | IO_L23N_T3_FWE_B_15          | INPUT       | LVCMOS18*   |      15 |            |      |                     |                 NONE |         | UNFIXED    |           |      | NONE             |
| K1         | PPI_3[19]    | High Range | IO_L23N_T3_35                | INPUT       | LVCMOS18*   |      35 |            |      |                     |                 NONE |         | UNFIXED    |           |      | NONE             |
| K2         | PPI_3[20]    | High Range | IO_L23P_T3_35                | INPUT       | LVCMOS18*   |      35 |            |      |                     |                 NONE |         | UNFIXED    |           |      | NONE             |
| K3         | PPI_1[30]    | High Range | IO_L2P_T0_34                 | INPUT       | LVCMOS18*   |      34 |            |      |                     |                 NONE |         | UNFIXED    |           |      | NONE             |
| K4         |              | High Range | VCCO_34                      | VCCO        |             |      34 |            |      |                     |                      |    1.80 |            |           |      |                  |
| K5         | PPI_1[24]    | High Range | IO_L5P_T0_34                 | INPUT       | LVCMOS18*   |      34 |            |      |                     |                 NONE |         | UNFIXED    |           |      | NONE             |
| K6         | CPU_ID[1]    | High Range | IO_0_34                      | INPUT       | LVCMOS18*   |      34 |            |      |                     |                 NONE |         | UNFIXED    |           |      | NONE             |
| K7         |              |            | GND                          | GND         |             |         |            |      |                     |                      |     0.0 |            |           |      |                  |
| K8         |              |            | VCCINT                       | VCCINT      |             |         |            |      |                     |                      |         |            |           |      |                  |
| K9         |              | Dedicated  | VN_0                         | XADC        |             |       0 |            |      |                     |                      |         |            |           |      |                  |
| K10        |              | Dedicated  | VREFP_0                      | XADC        |             |       0 |            |      |                     |                      |         |            |           |      |                  |
| K11        |              |            | GND                          | GND         |             |         |            |      |                     |                      |     0.0 |            |           |      |                  |
| K12        |              |            | VCCAUX                       | VCCAUX      |             |         |            |      |                     |                      |    1.80 |            |           |      |                  |
| K13        | address[16]  | High Range | IO_L17P_T2_A26_15            | INPUT       | LVCMOS18*   |      15 |            |      |                     |                 NONE |         | UNFIXED    |           |      | NONE             |
| K14        |              | High Range | VCCO_15                      | VCCO        |             |      15 |            |      |                     |                      |    1.80 |            |           |      |                  |
| K15        | address[2]   | High Range | IO_L24P_T3_RS1_15            | INPUT       | LVCMOS18*   |      15 |            |      |                     |                 NONE |         | UNFIXED    |           |      | NONE             |
| K16        | address[0]   | High Range | IO_25_15                     | INPUT       | LVCMOS18*   |      15 |            |      |                     |                 NONE |         | UNFIXED    |           |      | NONE             |
| K17        | RW_err       | High Range | IO_L1P_T0_D00_MOSI_14        | OUTPUT      | LVCMOS18*   |      14 |         12 | SLOW |                     |            FP_VTT_50 |         | UNFIXED    |           |      | NONE             |
| K18        | PPI_2[31]    | High Range | IO_L1N_T0_D01_DIN_14         | INPUT       | LVCMOS18*   |      14 |            |      |                     |                 NONE |         | UNFIXED    |           |      | NONE             |
| L1         | CPU_ID[0]    | High Range | IO_L1P_T0_34                 | INPUT       | LVCMOS18*   |      34 |            |      |                     |                 NONE |         | UNFIXED    |           |      | NONE             |
| L2         |              |            | GND                          | GND         |             |         |            |      |                     |                      |     0.0 |            |           |      |                  |
| L3         | PPI_1[29]    | High Range | IO_L2N_T0_34                 | INPUT       | LVCMOS18*   |      34 |            |      |                     |                 NONE |         | UNFIXED    |           |      | NONE             |
| L4         | PPI_1[23]    | High Range | IO_L5N_T0_34                 | INPUT       | LVCMOS18*   |      34 |            |      |                     |                 NONE |         | UNFIXED    |           |      | NONE             |
| L5         | PPI_1[21]    | High Range | IO_L6N_T0_VREF_34            | INPUT       | LVCMOS18*   |      34 |            |      |                     |                 NONE |         | UNFIXED    |           |      | NONE             |
| L6         | PPI_1[22]    | High Range | IO_L6P_T0_34                 | INPUT       | LVCMOS18*   |      34 |            |      |                     |                 NONE |         | UNFIXED    |           |      | NONE             |
| L7         |              |            | VCCINT                       | VCCINT      |             |         |            |      |                     |                      |         |            |           |      |                  |
| L8         |              |            | GND                          | GND         |             |         |            |      |                     |                      |     0.0 |            |           |      |                  |
| L9         |              | Dedicated  | DXN_0                        | Temp Sensor |             |       0 |            |      |                     |                      |         |            |           |      |                  |
| L10        |              | Dedicated  | DXP_0                        | Temp Sensor |             |       0 |            |      |                     |                      |         |            |           |      |                  |
| L11        |              |            | VCCINT                       | VCCINT      |             |         |            |      |                     |                      |         |            |           |      |                  |
| L12        |              |            | GND                          | GND         |             |         |            |      |                     |                      |     0.0 |            |           |      |                  |
| L13        | PPI_2[22]    | High Range | IO_L6P_T0_FCS_B_14           | INPUT       | LVCMOS18*   |      14 |            |      |                     |                 NONE |         | UNFIXED    |           |      | NONE             |
| L14        | PPI_2[30]    | High Range | IO_L2P_T0_D02_14             | INPUT       | LVCMOS18*   |      14 |            |      |                     |                 NONE |         | UNFIXED    |           |      | NONE             |
| L15        | PPI_2[28]    | High Range | IO_L3P_T0_DQS_PUDC_B_14      | INPUT       | LVCMOS18*   |      14 |            |      |                     |                 NONE |         | UNFIXED    |           |      | NONE             |
| L16        | PPI_2[27]    | High Range | IO_L3N_T0_DQS_EMCCLK_14      | INPUT       | LVCMOS18*   |      14 |            |      |                     |                 NONE |         | UNFIXED    |           |      | NONE             |
| L17        |              | High Range | VCCO_14                      | VCCO        |             |      14 |            |      |                     |                      |    1.80 |            |           |      |                  |
| L18        | PPI_2[26]    | High Range | IO_L4P_T0_D04_14             | INPUT       | LVCMOS18*   |      14 |            |      |                     |                 NONE |         | UNFIXED    |           |      | NONE             |
| M1         | PPI_1[31]    | High Range | IO_L1N_T0_34                 | INPUT       | LVCMOS18*   |      34 |            |      |                     |                 NONE |         | UNFIXED    |           |      | NONE             |
| M2         | PPI_1[25]    | High Range | IO_L4N_T0_34                 | INPUT       | LVCMOS18*   |      34 |            |      |                     |                 NONE |         | UNFIXED    |           |      | NONE             |
| M3         | PPI_1[26]    | High Range | IO_L4P_T0_34                 | INPUT       | LVCMOS18*   |      34 |            |      |                     |                 NONE |         | UNFIXED    |           |      | NONE             |
| M4         | SPI[50]      | High Range | IO_L16P_T2_34                | INPUT       | LVCMOS18*   |      34 |            |      |                     |                 NONE |         | UNFIXED    |           |      | NONE             |
| M5         |              |            | GND                          | GND         |             |         |            |      |                     |                      |     0.0 |            |           |      |                  |
| M6         | SPI[46]      | High Range | IO_L18P_T2_34                | INPUT       | LVCMOS18*   |      34 |            |      |                     |                 NONE |         | UNFIXED    |           |      | NONE             |
| M7         |              |            | GND                          | GND         |             |         |            |      |                     |                      |     0.0 |            |           |      |                  |
| M8         |              |            | VCCINT                       | VCCINT      |             |         |            |      |                     |                      |         |            |           |      |                  |
| M9         |              |            | GND                          | GND         |             |         |            |      |                     |                      |     0.0 |            |           |      |                  |
| M10        |              |            | VCCINT                       | VCCINT      |             |         |            |      |                     |                      |         |            |           |      |                  |
| M11        |              |            | GND                          | GND         |             |         |            |      |                     |                      |     0.0 |            |           |      |                  |
| M12        |              |            | VCCAUX                       | VCCAUX      |             |         |            |      |                     |                      |    1.80 |            |           |      |                  |
| M13        | PPI_2[21]    | High Range | IO_L6N_T0_D08_VREF_14        | INPUT       | LVCMOS18*   |      14 |            |      |                     |                 NONE |         | UNFIXED    |           |      | NONE             |
| M14        | PPI_2[29]    | High Range | IO_L2N_T0_D03_14             | INPUT       | LVCMOS18*   |      14 |            |      |                     |                 NONE |         | UNFIXED    |           |      | NONE             |
| M15        |              |            | GND                          | GND         |             |         |            |      |                     |                      |     0.0 |            |           |      |                  |
| M16        | data_in[30]  | High Range | IO_L10P_T1_D14_14            | INPUT       | LVCMOS18*   |      14 |            |      |                     |                 NONE |         | UNFIXED    |           |      | NONE             |
| M17        | data_in[29]  | High Range | IO_L10N_T1_D15_14            | INPUT       | LVCMOS18*   |      14 |            |      |                     |                 NONE |         | UNFIXED    |           |      | NONE             |
| M18        | PPI_2[25]    | High Range | IO_L4N_T0_D05_14             | INPUT       | LVCMOS18*   |      14 |            |      |                     |                 NONE |         | UNFIXED    |           |      | NONE             |
| N1         | PPI_1[27]    | High Range | IO_L3N_T0_DQS_34             | INPUT       | LVCMOS18*   |      34 |            |      |                     |                 NONE |         | UNFIXED    |           |      | NONE             |
| N2         | PPI_1[28]    | High Range | IO_L3P_T0_DQS_34             | INPUT       | LVCMOS18*   |      34 |            |      |                     |                 NONE |         | UNFIXED    |           |      | NONE             |
| N3         |              | High Range | VCCO_34                      | VCCO        |             |      34 |            |      |                     |                      |    1.80 |            |           |      |                  |
| N4         | SPI[49]      | High Range | IO_L16N_T2_34                | INPUT       | LVCMOS18*   |      34 |            |      |                     |                 NONE |         | UNFIXED    |           |      | NONE             |
| N5         | SPI[56]      | High Range | IO_L13P_T2_MRCC_34           | INPUT       | LVCMOS18*   |      34 |            |      |                     |                 NONE |         | UNFIXED    |           |      | NONE             |
| N6         | SPI[45]      | High Range | IO_L18N_T2_34                | INPUT       | LVCMOS18*   |      34 |            |      |                     |                 NONE |         | UNFIXED    |           |      | NONE             |
| N7         |              |            | VCCINT                       | VCCINT      |             |         |            |      |                     |                      |         |            |           |      |                  |
| N8         |              |            | GND                          | GND         |             |         |            |      |                     |                      |     0.0 |            |           |      |                  |
| N9         |              |            | VCCINT                       | VCCINT      |             |         |            |      |                     |                      |         |            |           |      |                  |
| N10        |              |            | GND                          | GND         |             |         |            |      |                     |                      |     0.0 |            |           |      |                  |
| N11        |              |            | VCCINT                       | VCCINT      |             |         |            |      |                     |                      |         |            |           |      |                  |
| N12        |              |            | GND                          | GND         |             |         |            |      |                     |                      |     0.0 |            |           |      |                  |
| N13        |              | High Range | VCCO_14                      | VCCO        |             |      14 |            |      |                     |                      |    1.80 |            |           |      |                  |
| N14        | PPI_2[18]    | High Range | IO_L8P_T1_D11_14             | INPUT       | LVCMOS18*   |      14 |            |      |                     |                 NONE |         | UNFIXED    |           |      | NONE             |
| N15        | data_in[28]  | High Range | IO_L11P_T1_SRCC_14           | INPUT       | LVCMOS18*   |      14 |            |      |                     |                 NONE |         | UNFIXED    |           |      | NONE             |
| N16        | data_in[27]  | High Range | IO_L11N_T1_SRCC_14           | INPUT       | LVCMOS18*   |      14 |            |      |                     |                 NONE |         | UNFIXED    |           |      | NONE             |
| N17        | PPI_2[16]    | High Range | IO_L9P_T1_DQS_14             | INPUT       | LVCMOS18*   |      14 |            |      |                     |                 NONE |         | UNFIXED    |           |      | NONE             |
| N18        |              |            | GND                          | GND         |             |         |            |      |                     |                      |     0.0 |            |           |      |                  |
| P1         |              |            | GND                          | GND         |             |         |            |      |                     |                      |     0.0 |            |           |      |                  |
| P2         | SPI[52]      | High Range | IO_L15P_T2_DQS_34            | INPUT       | LVCMOS18*   |      34 |            |      |                     |                 NONE |         | UNFIXED    |           |      | NONE             |
| P3         | SPI[53]      | High Range | IO_L14N_T2_SRCC_34           | INPUT       | LVCMOS18*   |      34 |            |      |                     |                 NONE |         | UNFIXED    |           |      | NONE             |
| P4         | SPI[54]      | High Range | IO_L14P_T2_SRCC_34           | INPUT       | LVCMOS18*   |      34 |            |      |                     |                 NONE |         | UNFIXED    |           |      | NONE             |
| P5         | SPI[55]      | High Range | IO_L13N_T2_MRCC_34           | INPUT       | LVCMOS18*   |      34 |            |      |                     |                 NONE |         | UNFIXED    |           |      | NONE             |
| P6         |              | High Range | VCCO_34                      | VCCO        |             |      34 |            |      |                     |                      |    1.80 |            |           |      |                  |
| P7         |              | Dedicated  | INIT_B_0                     | Config      |             |       0 |            |      |                     |                      |         |            |           |      |                  |
| P8         |              | Dedicated  | CFGBVS_0                     | Config      |             |       0 |            |      |                     |                      |         |            |           |      |                  |
| P9         |              | Dedicated  | PROGRAM_B_0                  | Config      |             |       0 |            |      |                     |                      |         |            |           |      |                  |
| P10        |              | Dedicated  | DONE_0                       | Config      |             |       0 |            |      |                     |                      |         |            |           |      |                  |
| P11        |              | Dedicated  | M2_0                         | Config      |             |       0 |            |      |                     |                      |         |            |           |      |                  |
| P12        |              | Dedicated  | M0_0                         | Config      |             |       0 |            |      |                     |                      |         |            |           |      |                  |
| P13        |              | Dedicated  | M1_0                         | Config      |             |       0 |            |      |                     |                      |         |            |           |      |                  |
| P14        | PPI_2[17]    | High Range | IO_L8N_T1_D12_14             | INPUT       | LVCMOS18*   |      14 |            |      |                     |                 NONE |         | UNFIXED    |           |      | NONE             |
| P15        | data_in[24]  | High Range | IO_L13P_T2_MRCC_14           | INPUT       | LVCMOS18*   |      14 |            |      |                     |                 NONE |         | UNFIXED    |           |      | NONE             |
| P16        |              | High Range | VCCO_14                      | VCCO        |             |      14 |            |      |                     |                      |    1.80 |            |           |      |                  |
| P17        | data_in[26]  | High Range | IO_L12P_T1_MRCC_14           | INPUT       | LVCMOS18*   |      14 |            |      |                     |                 NONE |         | UNFIXED    |           |      | NONE             |
| P18        | data_in[31]  | High Range | IO_L9N_T1_DQS_D13_14         | INPUT       | LVCMOS18*   |      14 |            |      |                     |                 NONE |         | UNFIXED    |           |      | NONE             |
| R1         | SPI[48]      | High Range | IO_L17P_T2_34                | INPUT       | LVCMOS18*   |      34 |            |      |                     |                 NONE |         | UNFIXED    |           |      | NONE             |
| R2         | SPI[51]      | High Range | IO_L15N_T2_DQS_34            | INPUT       | LVCMOS18*   |      34 |            |      |                     |                 NONE |         | UNFIXED    |           |      | NONE             |
| R3         | SPI[60]      | High Range | IO_L11P_T1_SRCC_34           | INPUT       | LVCMOS18*   |      34 |            |      |                     |                 NONE |         | UNFIXED    |           |      | NONE             |
| R4         |              |            | GND                          | GND         |             |         |            |      |                     |                      |     0.0 |            |           |      |                  |
| R5         | SPI[43]      | High Range | IO_L19N_T3_VREF_34           | INPUT       | LVCMOS18*   |      34 |            |      |                     |                 NONE |         | UNFIXED    |           |      | NONE             |
| R6         | SPI[44]      | High Range | IO_L19P_T3_34                | INPUT       | LVCMOS18*   |      34 |            |      |                     |                 NONE |         | UNFIXED    |           |      | NONE             |
| R7         | SPI[36]      | High Range | IO_L23P_T3_34                | INPUT       | LVCMOS18*   |      34 |            |      |                     |                 NONE |         | UNFIXED    |           |      | NONE             |
| R8         | SPI[34]      | High Range | IO_L24P_T3_34                | INPUT       | LVCMOS18*   |      34 |            |      |                     |                 NONE |         | UNFIXED    |           |      | NONE             |
| R9         |              | Dedicated  | VCCO_0                       | VCCO        |             |       0 |            |      |                     |                      |   any** |            |           |      |                  |
| R10        | data_in[0]   | High Range | IO_25_14                     | INPUT       | LVCMOS18*   |      14 |            |      |                     |                 NONE |         | UNFIXED    |           |      | NONE             |
| R11        | ready        | High Range | IO_0_14                      | OUTPUT      | LVCMOS18*   |      14 |         12 | SLOW |                     |            FP_VTT_50 |         | UNFIXED    |           |      | NONE             |
| R12        | PPI_2[24]    | High Range | IO_L5P_T0_D06_14             | INPUT       | LVCMOS18*   |      14 |            |      |                     |                 NONE |         | UNFIXED    |           |      | NONE             |
| R13        | PPI_2[23]    | High Range | IO_L5N_T0_D07_14             | INPUT       | LVCMOS18*   |      14 |            |      |                     |                 NONE |         | UNFIXED    |           |      | NONE             |
| R14        |              |            | GND                          | GND         |             |         |            |      |                     |                      |     0.0 |            |           |      |                  |
| R15        | data_in[23]  | High Range | IO_L13N_T2_MRCC_14           | INPUT       | LVCMOS18*   |      14 |            |      |                     |                 NONE |         | UNFIXED    |           |      | NONE             |
| R16        | data_in[20]  | High Range | IO_L15P_T2_DQS_RDWR_B_14     | INPUT       | LVCMOS18*   |      14 |            |      |                     |                 NONE |         | UNFIXED    |           |      | NONE             |
| R17        | data_in[25]  | High Range | IO_L12N_T1_MRCC_14           | INPUT       | LVCMOS18*   |      14 |            |      |                     |                 NONE |         | UNFIXED    |           |      | NONE             |
| R18        | PPI_2[20]    | High Range | IO_L7P_T1_D09_14             | INPUT       | LVCMOS18*   |      14 |            |      |                     |                 NONE |         | UNFIXED    |           |      | NONE             |
| T1         | SPI[47]      | High Range | IO_L17N_T2_34                | INPUT       | LVCMOS18*   |      34 |            |      |                     |                 NONE |         | UNFIXED    |           |      | NONE             |
| T2         |              | High Range | VCCO_34                      | VCCO        |             |      34 |            |      |                     |                      |    1.80 |            |           |      |                  |
| T3         | SPI[59]      | High Range | IO_L11N_T1_SRCC_34           | INPUT       | LVCMOS18*   |      34 |            |      |                     |                 NONE |         | UNFIXED    |           |      | NONE             |
| T4         | SPI[57]      | High Range | IO_L12N_T1_MRCC_34           | INPUT       | LVCMOS18*   |      34 |            |      |                     |                 NONE |         | UNFIXED    |           |      | NONE             |
| T5         | SPI[58]      | High Range | IO_L12P_T1_MRCC_34           | INPUT       | LVCMOS18*   |      34 |            |      |                     |                 NONE |         | UNFIXED    |           |      | NONE             |
| T6         | SPI[35]      | High Range | IO_L23N_T3_34                | INPUT       | LVCMOS18*   |      34 |            |      |                     |                 NONE |         | UNFIXED    |           |      | NONE             |
| T7         |              |            | GND                          | GND         |             |         |            |      |                     |                      |     0.0 |            |           |      |                  |
| T8         | SPI[33]      | High Range | IO_L24N_T3_34                | INPUT       | LVCMOS18*   |      34 |            |      |                     |                 NONE |         | UNFIXED    |           |      | NONE             |
| T9         | data_in[2]   | High Range | IO_L24P_T3_A01_D17_14        | INPUT       | LVCMOS18*   |      14 |            |      |                     |                 NONE |         | UNFIXED    |           |      | NONE             |
| T10        | data_in[1]   | High Range | IO_L24N_T3_A00_D16_14        | INPUT       | LVCMOS18*   |      14 |            |      |                     |                 NONE |         | UNFIXED    |           |      | NONE             |
| T11        | data_in[12]  | High Range | IO_L19P_T3_A10_D26_14        | INPUT       | LVCMOS18*   |      14 |            |      |                     |                 NONE |         | UNFIXED    |           |      | NONE             |
| T12        |              | High Range | VCCO_14                      | VCCO        |             |      14 |            |      |                     |                      |    1.80 |            |           |      |                  |
| T13        | data_in[4]   | High Range | IO_L23P_T3_A03_D19_14        | INPUT       | LVCMOS18*   |      14 |            |      |                     |                 NONE |         | UNFIXED    |           |      | NONE             |
| T14        | data_in[22]  | High Range | IO_L14P_T2_SRCC_14           | INPUT       | LVCMOS18*   |      14 |            |      |                     |                 NONE |         | UNFIXED    |           |      | NONE             |
| T15        | data_in[21]  | High Range | IO_L14N_T2_SRCC_14           | INPUT       | LVCMOS18*   |      14 |            |      |                     |                 NONE |         | UNFIXED    |           |      | NONE             |
| T16        | data_in[19]  | High Range | IO_L15N_T2_DQS_DOUT_CSO_B_14 | INPUT       | LVCMOS18*   |      14 |            |      |                     |                 NONE |         | UNFIXED    |           |      | NONE             |
| T17        |              |            | GND                          | GND         |             |         |            |      |                     |                      |     0.0 |            |           |      |                  |
| T18        | PPI_2[19]    | High Range | IO_L7N_T1_D10_14             | INPUT       | LVCMOS18*   |      14 |            |      |                     |                 NONE |         | UNFIXED    |           |      | NONE             |
| U1         | PPI_1[20]    | High Range | IO_L7P_T1_34                 | INPUT       | LVCMOS18*   |      34 |            |      |                     |                 NONE |         | UNFIXED    |           |      | NONE             |
| U2         | PPI_1[16]    | High Range | IO_L9P_T1_DQS_34             | INPUT       | LVCMOS18*   |      34 |            |      |                     |                 NONE |         | UNFIXED    |           |      | NONE             |
| U3         | PPI_1[17]    | High Range | IO_L8N_T1_34                 | INPUT       | LVCMOS18*   |      34 |            |      |                     |                 NONE |         | UNFIXED    |           |      | NONE             |
| U4         | PPI_1[18]    | High Range | IO_L8P_T1_34                 | INPUT       | LVCMOS18*   |      34 |            |      |                     |                 NONE |         | UNFIXED    |           |      | NONE             |
| U5         |              | High Range | VCCO_34                      | VCCO        |             |      34 |            |      |                     |                      |    1.80 |            |           |      |                  |
| U6         | SPI[37]      | High Range | IO_L22N_T3_34                | INPUT       | LVCMOS18*   |      34 |            |      |                     |                 NONE |         | UNFIXED    |           |      | NONE             |
| U7         | SPI[38]      | High Range | IO_L22P_T3_34                | INPUT       | LVCMOS18*   |      34 |            |      |                     |                 NONE |         | UNFIXED    |           |      | NONE             |
| U8         | SPI[32]      | High Range | IO_25_34                     | INPUT       | LVCMOS18*   |      34 |            |      |                     |                 NONE |         | UNFIXED    |           |      | NONE             |
| U9         | SPI[40]      | High Range | IO_L21P_T3_DQS_34            | INPUT       | LVCMOS18*   |      34 |            |      |                     |                 NONE |         | UNFIXED    |           |      | NONE             |
| U10        |              |            | GND                          | GND         |             |         |            |      |                     |                      |     0.0 |            |           |      |                  |
| U11        | data_in[11]  | High Range | IO_L19N_T3_A09_D25_VREF_14   | INPUT       | LVCMOS18*   |      14 |            |      |                     |                 NONE |         | UNFIXED    |           |      | NONE             |
| U12        | data_in[10]  | High Range | IO_L20P_T3_A08_D24_14        | INPUT       | LVCMOS18*   |      14 |            |      |                     |                 NONE |         | UNFIXED    |           |      | NONE             |
| U13        | data_in[3]   | High Range | IO_L23N_T3_A02_D18_14        | INPUT       | LVCMOS18*   |      14 |            |      |                     |                 NONE |         | UNFIXED    |           |      | NONE             |
| U14        | data_in[6]   | High Range | IO_L22P_T3_A05_D21_14        | INPUT       | LVCMOS18*   |      14 |            |      |                     |                 NONE |         | UNFIXED    |           |      | NONE             |
| U15        |              | High Range | VCCO_14                      | VCCO        |             |      14 |            |      |                     |                      |    1.80 |            |           |      |                  |
| U16        | data_in[14]  | High Range | IO_L18P_T2_A12_D28_14        | INPUT       | LVCMOS18*   |      14 |            |      |                     |                 NONE |         | UNFIXED    |           |      | NONE             |
| U17        | data_in[16]  | High Range | IO_L17P_T2_A14_D30_14        | INPUT       | LVCMOS18*   |      14 |            |      |                     |                 NONE |         | UNFIXED    |           |      | NONE             |
| U18        | data_in[15]  | High Range | IO_L17N_T2_A13_D29_14        | INPUT       | LVCMOS18*   |      14 |            |      |                     |                 NONE |         | UNFIXED    |           |      | NONE             |
| V1         | PPI_1[19]    | High Range | IO_L7N_T1_34                 | INPUT       | LVCMOS18*   |      34 |            |      |                     |                 NONE |         | UNFIXED    |           |      | NONE             |
| V2         | SPI[63]      | High Range | IO_L9N_T1_DQS_34             | INPUT       | LVCMOS18*   |      34 |            |      |                     |                 NONE |         | UNFIXED    |           |      | NONE             |
| V3         |              |            | GND                          | GND         |             |         |            |      |                     |                      |     0.0 |            |           |      |                  |
| V4         | SPI[61]      | High Range | IO_L10N_T1_34                | INPUT       | LVCMOS18*   |      34 |            |      |                     |                 NONE |         | UNFIXED    |           |      | NONE             |
| V5         | SPI[62]      | High Range | IO_L10P_T1_34                | INPUT       | LVCMOS18*   |      34 |            |      |                     |                 NONE |         | UNFIXED    |           |      | NONE             |
| V6         | SPI[41]      | High Range | IO_L20N_T3_34                | INPUT       | LVCMOS18*   |      34 |            |      |                     |                 NONE |         | UNFIXED    |           |      | NONE             |
| V7         | SPI[42]      | High Range | IO_L20P_T3_34                | INPUT       | LVCMOS18*   |      34 |            |      |                     |                 NONE |         | UNFIXED    |           |      | NONE             |
| V8         |              | High Range | VCCO_34                      | VCCO        |             |      34 |            |      |                     |                      |    1.80 |            |           |      |                  |
| V9         | SPI[39]      | High Range | IO_L21N_T3_DQS_34            | INPUT       | LVCMOS18*   |      34 |            |      |                     |                 NONE |         | UNFIXED    |           |      | NONE             |
| V10        | data_in[8]   | High Range | IO_L21P_T3_DQS_14            | INPUT       | LVCMOS18*   |      14 |            |      |                     |                 NONE |         | UNFIXED    |           |      | NONE             |
| V11        | data_in[7]   | High Range | IO_L21N_T3_DQS_A06_D22_14    | INPUT       | LVCMOS18*   |      14 |            |      |                     |                 NONE |         | UNFIXED    |           |      | NONE             |
| V12        | data_in[9]   | High Range | IO_L20N_T3_A07_D23_14        | INPUT       | LVCMOS18*   |      14 |            |      |                     |                 NONE |         | UNFIXED    |           |      | NONE             |
| V13        |              |            | GND                          | GND         |             |         |            |      |                     |                      |     0.0 |            |           |      |                  |
| V14        | data_in[5]   | High Range | IO_L22N_T3_A04_D20_14        | INPUT       | LVCMOS18*   |      14 |            |      |                     |                 NONE |         | UNFIXED    |           |      | NONE             |
| V15        | data_in[18]  | High Range | IO_L16P_T2_CSI_B_14          | INPUT       | LVCMOS18*   |      14 |            |      |                     |                 NONE |         | UNFIXED    |           |      | NONE             |
| V16        | data_in[17]  | High Range | IO_L16N_T2_A15_D31_14        | INPUT       | LVCMOS18*   |      14 |            |      |                     |                 NONE |         | UNFIXED    |           |      | NONE             |
| V17        | data_in[13]  | High Range | IO_L18N_T2_A11_D27_14        | INPUT       | LVCMOS18*   |      14 |            |      |                     |                 NONE |         | UNFIXED    |           |      | NONE             |
| V18        |              | High Range | VCCO_14                      | VCCO        |             |      14 |            |      |                     |                      |    1.80 |            |           |      |                  |
+------------+--------------+------------+------------------------------+-------------+-------------+---------+------------+------+---------------------+----------------------+---------+------------+-----------+------+------------------+
* Default value
** Special VCCO requirements may apply. Please consult the device family datasheet for specific guideline on VCCO requirements.


